android/app/build/intermediates/manifest_merge_blame_file/branchRelease/processBranchReleaseMainManifest/manifest-merger-blame-branch-release-report.txt
1<?xml version="1.0" encoding="utf-8"?>
2<manifest xmlns:android="http://schemas.android.com/apk/res/android"
3    package="com.daega.calendar.branch"
4    android:versionCode="1"
5    android:versionName="1.0.0" >
6
7    <uses-sdk
8        android:minSdkVersion="26"
9        android:targetSdkVersion="35" />
10
11    <uses-permission android:name="android.permission.INTERNET" />
11-->src/main/AndroidManifest.xml:4:5-67
11-->src/main/AndroidManifest.xml:4:22-64
12    <uses-permission android:name="android.permission.RECEIVE_BOOT_COMPLETED" />
12-->src/main/AndroidManifest.xml:5:5-81
12-->src/main/AndroidManifest.xml:5:22-78
13    <uses-permission android:name="android.permission.WAKE_LOCK" />
13-->[androidx.work:work-runtime:2.10.0] AndroidManifest.xml:23:5-68
13-->[androidx.work:work-runtime:2.10.0] AndroidManifest.xml:23:22-65
14    <uses-permission android:name="android.permission.ACCESS_NETWORK_STATE" />
14-->[androidx.work:work-runtime:2.10.0] AndroidManifest.xml:24:5-79
14-->[androidx.work:work-runtime:2.10.0] AndroidManifest.xml:24:22-76
15    <uses-permission android:name="android.permission.FOREGROUND_SERVICE" />
15-->[androidx.work:work-runtime:2.10.0] AndroidManifest.xml:26:5-77
15-->[androidx.work:work-runtime:2.10.0] AndroidManifest.xml:26:22-74
16
17    <permission
17-->[androidx.core:core:1.15.0] AndroidManifest.xml:22:5-24:47
18        android:name="com.daega.calendar.branch.DYNAMIC_RECEIVER_NOT_EXPORTED_PERMISSION"
18-->[androidx.core:core:1.15.0] AndroidManifest.xml:23:9-81
19        android:protectionLevel="signature" />
19-->[androidx.core:core:1.15.0] AndroidManifest.xml:24:9-44
20
21    <uses-permission android:name="com.daega.calendar.branch.DYNAMIC_RECEIVER_NOT_EXPORTED_PERMISSION" />
21-->[androidx.core:core:1.15.0] AndroidManifest.xml:26:5-97
21-->[androidx.core:core:1.15.0] AndroidManifest.xml:26:22-94
22
23    <application
23-->src/main/AndroidManifest.xml:7:5-54:19
24        android:allowBackup="true"
24-->src/main/AndroidManifest.xml:8:9-35
25        android:appComponentFactory="androidx.core.app.CoreComponentFactory"
25-->[androidx.core:core:1.15.0] AndroidManifest.xml:28:18-86
26        android:extractNativeLibs="false"
27        android:icon="@drawable/ic_launcher"
27-->src/main/AndroidManifest.xml:9:9-45
28        android:label="@string/app_name"
28-->src/main/AndroidManifest.xml:10:9-41
29        android:roundIcon="@drawable/ic_launcher"
29-->src/main/AndroidManifest.xml:11:9-50
30        android:supportsRtl="true"
30-->src/main/AndroidManifest.xml:12:9-35
31        android:theme="@style/Theme.DaegaCalendar"
31-->src/main/AndroidManifest.xml:13:9-51
32        android:usesCleartextTraffic="true" >
32-->src/main/AndroidManifest.xml:14:9-44
33        <activity
33-->src/main/AndroidManifest.xml:16:9-25:20
34            android:name="com.daega.calendar.MainActivity"
34-->src/main/AndroidManifest.xml:17:13-41
35            android:exported="true"
35-->src/main/AndroidManifest.xml:18:13-36
36            android:launchMode="singleTask"
36-->src/main/AndroidManifest.xml:19:13-44
37            android:windowSoftInputMode="adjustResize" >
37-->src/main/AndroidManifest.xml:20:13-55
38            <intent-filter>
38-->src/main/AndroidManifest.xml:21:13-24:29
39                <action android:name="android.intent.action.MAIN" />
39-->src/main/AndroidManifest.xml:22:17-69
39-->src/main/AndroidManifest.xml:22:25-66
40
41                <category android:name="android.intent.category.LAUNCHER" />
41-->src/main/AndroidManifest.xml:23:17-77
41-->src/main/AndroidManifest.xml:23:27-74
42            </intent-filter>
43        </activity>
44
45        <receiver
45-->src/main/AndroidManifest.xml:27:9-37:20
46            android:name="com.daega.calendar.widget.CalendarWidgetReceiver"
46-->src/main/AndroidManifest.xml:28:13-58
47            android:exported="true"
47-->src/main/AndroidManifest.xml:29:13-36
48            android:label="@string/widget_name" >
48-->src/main/AndroidManifest.xml:30:13-48
49            <intent-filter>
49-->src/main/AndroidManifest.xml:31:13-33:29
50                <action android:name="android.appwidget.action.APPWIDGET_UPDATE" />
50-->src/main/AndroidManifest.xml:32:17-84
50-->src/main/AndroidManifest.xml:32:25-81
51            </intent-filter>
52
53            <meta-data
53-->src/main/AndroidManifest.xml:34:13-36:64
54                android:name="android.appwidget.provider"
54-->src/main/AndroidManifest.xml:35:17-58
55                android:resource="@xml/calendar_widget_info" />
55-->src/main/AndroidManifest.xml:36:17-61
56        </receiver>
57        <receiver
57-->src/main/AndroidManifest.xml:39:9-45:20
58            android:name="com.daega.calendar.widget.WidgetPackageReceiver"
58-->src/main/AndroidManifest.xml:40:13-57
59            android:exported="false" >
59-->src/main/AndroidManifest.xml:41:13-37
60            <intent-filter>
60-->src/main/AndroidManifest.xml:42:13-44:29
61                <action android:name="android.intent.action.MY_PACKAGE_REPLACED" />
61-->src/main/AndroidManifest.xml:43:17-84
61-->src/main/AndroidManifest.xml:43:25-81
62            </intent-filter>
63        </receiver>
64        <receiver
64-->src/main/AndroidManifest.xml:47:9-53:20
65            android:name="com.daega.calendar.widget.WidgetBootReceiver"
65-->src/main/AndroidManifest.xml:48:13-54
66            android:exported="false" >
66-->src/main/AndroidManifest.xml:49:13-37
67            <intent-filter>
67-->src/main/AndroidManifest.xml:50:13-52:29
68                <action android:name="android.intent.action.BOOT_COMPLETED" />
68-->src/main/AndroidManifest.xml:51:17-79
68-->src/main/AndroidManifest.xml:51:25-76
69            </intent-filter>
70        </receiver>
71
72        <activity
72-->[androidx.glance:glance-appwidget:1.1.1] AndroidManifest.xml:23:9-28:62
73            android:name="androidx.glance.appwidget.action.ActionTrampolineActivity"
73-->[androidx.glance:glance-appwidget:1.1.1] AndroidManifest.xml:24:13-85
74            android:enabled="true"
74-->[androidx.glance:glance-appwidget:1.1.1] AndroidManifest.xml:25:13-35
75            android:excludeFromRecents="true"
75-->[androidx.glance:glance-appwidget:1.1.1] AndroidManifest.xml:26:13-46
76            android:exported="false"
76-->[androidx.glance:glance-appwidget:1.1.1] AndroidManifest.xml:27:13-37
77            android:theme="@android:style/Theme.NoDisplay" />
77-->[androidx.glance:glance-appwidget:1.1.1] AndroidManifest.xml:28:13-59
78        <activity
78-->[androidx.glance:glance-appwidget:1.1.1] AndroidManifest.xml:29:9-36:81
79            android:name="androidx.glance.appwidget.action.InvisibleActionTrampolineActivity"
79-->[androidx.glance:glance-appwidget:1.1.1] AndroidManifest.xml:30:13-94
80            android:enabled="true"
80-->[androidx.glance:glance-appwidget:1.1.1] AndroidManifest.xml:31:13-35
81            android:exported="false"
81-->[androidx.glance:glance-appwidget:1.1.1] AndroidManifest.xml:32:13-37
82            android:launchMode="singleInstance"
82-->[androidx.glance:glance-appwidget:1.1.1] AndroidManifest.xml:33:13-48
83            android:noHistory="true"
83-->[androidx.glance:glance-appwidget:1.1.1] AndroidManifest.xml:34:13-37
84            android:taskAffinity="androidx.glance.appwidget.ListAdapterCallbackTrampoline"
84-->[androidx.glance:glance-appwidget:1.1.1] AndroidManifest.xml:35:13-91
85            android:theme="@style/Widget.Glance.AppWidget.CallbackTrampoline" />
85-->[androidx.glance:glance-appwidget:1.1.1] AndroidManifest.xml:36:13-78
86
87        <receiver
87-->[androidx.glance:glance-appwidget:1.1.1] AndroidManifest.xml:38:9-41:40
88            android:name="androidx.glance.appwidget.action.ActionCallbackBroadcastReceiver"
88-->[androidx.glance:glance-appwidget:1.1.1] AndroidManifest.xml:39:13-92
89            android:enabled="true"
89-->[androidx.glance:glance-appwidget:1.1.1] AndroidManifest.xml:40:13-35
90            android:exported="false" />
90-->[androidx.glance:glance-appwidget:1.1.1] AndroidManifest.xml:41:13-37
91        <receiver
91-->[androidx.glance:glance-appwidget:1.1.1] AndroidManifest.xml:42:9-45:40
92            android:name="androidx.glance.appwidget.UnmanagedSessionReceiver"
92-->[androidx.glance:glance-appwidget:1.1.1] AndroidManifest.xml:43:13-78
93            android:enabled="true"
93-->[androidx.glance:glance-appwidget:1.1.1] AndroidManifest.xml:44:13-35
94            android:exported="false" />
94-->[androidx.glance:glance-appwidget:1.1.1] AndroidManifest.xml:45:13-37
95        <receiver
95-->[androidx.glance:glance-appwidget:1.1.1] AndroidManifest.xml:46:9-53:20
96            android:name="androidx.glance.appwidget.MyPackageReplacedReceiver"
96-->[androidx.glance:glance-appwidget:1.1.1] AndroidManifest.xml:47:13-79
97            android:enabled="true"
97-->[androidx.glance:glance-appwidget:1.1.1] AndroidManifest.xml:48:13-35
98            android:exported="false" >
98-->[androidx.glance:glance-appwidget:1.1.1] AndroidManifest.xml:49:13-37
99            <intent-filter>
99-->src/main/AndroidManifest.xml:42:13-44:29
100                <action android:name="android.intent.action.MY_PACKAGE_REPLACED" />
100-->src/main/AndroidManifest.xml:43:17-84
100-->src/main/AndroidManifest.xml:43:25-81
101            </intent-filter>
102        </receiver>
103
104        <service
104-->[androidx.glance:glance-appwidget:1.1.1] AndroidManifest.xml:55:9-58:72
105            android:name="androidx.glance.appwidget.GlanceRemoteViewsService"
105-->[androidx.glance:glance-appwidget:1.1.1] AndroidManifest.xml:56:13-78
106            android:exported="true"
106-->[androidx.glance:glance-appwidget:1.1.1] AndroidManifest.xml:57:13-36
107            android:permission="android.permission.BIND_REMOTEVIEWS" />
107-->[androidx.glance:glance-appwidget:1.1.1] AndroidManifest.xml:58:13-69
108
109        <provider
109-->[androidx.emoji2:emoji2:1.3.0] AndroidManifest.xml:24:9-32:20
110            android:name="androidx.startup.InitializationProvider"
110-->[androidx.emoji2:emoji2:1.3.0] AndroidManifest.xml:25:13-67
111            android:authorities="com.daega.calendar.branch.androidx-startup"
111-->[androidx.emoji2:emoji2:1.3.0] AndroidManifest.xml:26:13-68
112            android:exported="false" >
112-->[androidx.emoji2:emoji2:1.3.0] AndroidManifest.xml:27:13-37
113            <meta-data
113-->[androidx.emoji2:emoji2:1.3.0] AndroidManifest.xml:29:13-31:52
114                android:name="androidx.emoji2.text.EmojiCompatInitializer"
114-->[androidx.emoji2:emoji2:1.3.0] AndroidManifest.xml:30:17-75
115                android:value="androidx.startup" />
115-->[androidx.emoji2:emoji2:1.3.0] AndroidManifest.xml:31:17-49
116            <meta-data
116-->[androidx.work:work-runtime:2.10.0] AndroidManifest.xml:34:13-36:52
117                android:name="androidx.work.WorkManagerInitializer"
117-->[androidx.work:work-runtime:2.10.0] AndroidManifest.xml:35:17-68
118                android:value="androidx.startup" />
118-->[androidx.work:work-runtime:2.10.0] AndroidManifest.xml:36:17-49
119            <meta-data
119-->[androidx.lifecycle:lifecycle-process:2.8.3] AndroidManifest.xml:29:13-31:52
120                android:name="androidx.lifecycle.ProcessLifecycleInitializer"
120-->[androidx.lifecycle:lifecycle-process:2.8.3] AndroidManifest.xml:30:17-78
121                android:value="androidx.startup" />
121-->[androidx.lifecycle:lifecycle-process:2.8.3] AndroidManifest.xml:31:17-49
122            <meta-data
122-->[androidx.profileinstaller:profileinstaller:1.3.1] AndroidManifest.xml:29:13-31:52
123                android:name="androidx.profileinstaller.ProfileInstallerInitializer"
123-->[androidx.profileinstaller:profileinstaller:1.3.1] AndroidManifest.xml:30:17-85
124                android:value="androidx.startup" />
124-->[androidx.profileinstaller:profileinstaller:1.3.1] AndroidManifest.xml:31:17-49
125        </provider>
126
127        <service
127-->[androidx.work:work-runtime:2.10.0] AndroidManifest.xml:39:9-45:35
128            android:name="androidx.work.impl.background.systemalarm.SystemAlarmService"
128-->[androidx.work:work-runtime:2.10.0] AndroidManifest.xml:40:13-88
129            android:directBootAware="false"
129-->[androidx.work:work-runtime:2.10.0] AndroidManifest.xml:41:13-44
130            android:enabled="@bool/enable_system_alarm_service_default"
130-->[androidx.work:work-runtime:2.10.0] AndroidManifest.xml:42:13-72
131            android:exported="false" />
131-->[androidx.work:work-runtime:2.10.0] AndroidManifest.xml:43:13-37
132        <service
132-->[androidx.work:work-runtime:2.10.0] AndroidManifest.xml:46:9-52:35
133            android:name="androidx.work.impl.background.systemjob.SystemJobService"
133-->[androidx.work:work-runtime:2.10.0] AndroidManifest.xml:47:13-84
134            android:directBootAware="false"
134-->[androidx.work:work-runtime:2.10.0] AndroidManifest.xml:48:13-44
135            android:enabled="@bool/enable_system_job_service_default"
135-->[androidx.work:work-runtime:2.10.0] AndroidManifest.xml:49:13-70
136            android:exported="true"
136-->[androidx.work:work-runtime:2.10.0] AndroidManifest.xml:50:13-36
137            android:permission="android.permission.BIND_JOB_SERVICE" />
137-->[androidx.work:work-runtime:2.10.0] AndroidManifest.xml:51:13-69
138        <service
138-->[androidx.work:work-runtime:2.10.0] AndroidManifest.xml:53:9-59:35
139            android:name="androidx.work.impl.foreground.SystemForegroundService"
139-->[androidx.work:work-runtime:2.10.0] AndroidManifest.xml:54:13-81
140            android:directBootAware="false"
140-->[androidx.work:work-runtime:2.10.0] AndroidManifest.xml:55:13-44
141            android:enabled="@bool/enable_system_foreground_service_default"
141-->[androidx.work:work-runtime:2.10.0] AndroidManifest.xml:56:13-77
142            android:exported="false" />
142-->[androidx.work:work-runtime:2.10.0] AndroidManifest.xml:57:13-37
143
144        <receiver
144-->[androidx.work:work-runtime:2.10.0] AndroidManifest.xml:61:9-66:35
145            android:name="androidx.work.impl.utils.ForceStopRunnable$BroadcastReceiver"
145-->[androidx.work:work-runtime:2.10.0] AndroidManifest.xml:62:13-88
146            android:directBootAware="false"
146-->[androidx.work:work-runtime:2.10.0] AndroidManifest.xml:63:13-44
147            android:enabled="true"
147-->[androidx.work:work-runtime:2.10.0] AndroidManifest.xml:64:13-35
148            android:exported="false" />
148-->[androidx.work:work-runtime:2.10.0] AndroidManifest.xml:65:13-37
149        <receiver
149-->[androidx.work:work-runtime:2.10.0] AndroidManifest.xml:67:9-77:20
150            android:name="androidx.work.impl.background.systemalarm.ConstraintProxy$BatteryChargingProxy"
150-->[androidx.work:work-runtime:2.10.0] AndroidManifest.xml:68:13-106
151            android:directBootAware="false"
151-->[androidx.work:work-runtime:2.10.0] AndroidManifest.xml:69:13-44
152            android:enabled="false"
152-->[androidx.work:work-runtime:2.10.0] AndroidManifest.xml:70:13-36
153            android:exported="false" >
153-->[androidx.work:work-runtime:2.10.0] AndroidManifest.xml:71:13-37
154            <intent-filter>
154-->[androidx.work:work-runtime:2.10.0] AndroidManifest.xml:73:13-76:29
155                <action android:name="android.intent.action.ACTION_POWER_CONNECTED" />
155-->[androidx.work:work-runtime:2.10.0] AndroidManifest.xml:74:17-87
155-->[androidx.work:work-runtime:2.10.0] AndroidManifest.xml:74:25-84
156                <action android:name="android.intent.action.ACTION_POWER_DISCONNECTED" />
156-->[androidx.work:work-runtime:2.10.0] AndroidManifest.xml:75:17-90
156-->[androidx.work:work-runtime:2.10.0] AndroidManifest.xml:75:25-87
157            </intent-filter>
158        </receiver>
159        <receiver
159-->[androidx.work:work-runtime:2.10.0] AndroidManifest.xml:78:9-88:20
160            android:name="androidx.work.impl.background.systemalarm.ConstraintProxy$BatteryNotLowProxy"
160-->[androidx.work:work-runtime:2.10.0] AndroidManifest.xml:79:13-104
161            android:directBootAware="false"
161-->[androidx.work:work-runtime:2.10.0] AndroidManifest.xml:80:13-44
162            android:enabled="false"
162-->[androidx.work:work-runtime:2.10.0] AndroidManifest.xml:81:13-36
163            android:exported="false" >
163-->[androidx.work:work-runtime:2.10.0] AndroidManifest.xml:82:13-37
164            <intent-filter>
164-->[androidx.work:work-runtime:2.10.0] AndroidManifest.xml:84:13-87:29
165                <action android:name="android.intent.action.BATTERY_OKAY" />
165-->[androidx.work:work-runtime:2.10.0] AndroidManifest.xml:85:17-77
165-->[androidx.work:work-runtime:2.10.0] AndroidManifest.xml:85:25-74
166                <action android:name="android.intent.action.BATTERY_LOW" />
166-->[androidx.work:work-runtime:2.10.0] AndroidManifest.xml:86:17-76
166-->[androidx.work:work-runtime:2.10.0] AndroidManifest.xml:86:25-73
167            </intent-filter>
168        </receiver>
169        <receiver
169-->[androidx.work:work-runtime:2.10.0] AndroidManifest.xml:89:9-99:20
170            android:name="androidx.work.impl.background.systemalarm.ConstraintProxy$StorageNotLowProxy"
170-->[androidx.work:work-runtime:2.10.0] AndroidManifest.xml:90:13-104
171            android:directBootAware="false"
171-->[androidx.work:work-runtime:2.10.0] AndroidManifest.xml:91:13-44
172            android:enabled="false"
172-->[androidx.work:work-runtime:2.10.0] AndroidManifest.xml:92:13-36
173            android:exported="false" >
173-->[androidx.work:work-runtime:2.10.0] AndroidManifest.xml:93:13-37
174            <intent-filter>
174-->[androidx.work:work-runtime:2.10.0] AndroidManifest.xml:95:13-98:29
175                <action android:name="android.intent.action.DEVICE_STORAGE_LOW" />
175-->[androidx.work:work-runtime:2.10.0] AndroidManifest.xml:96:17-83
175-->[androidx.work:work-runtime:2.10.0] AndroidManifest.xml:96:25-80
176                <action android:name="android.intent.action.DEVICE_STORAGE_OK" />
176-->[androidx.work:work-runtime:2.10.0] AndroidManifest.xml:97:17-82
176-->[androidx.work:work-runtime:2.10.0] AndroidManifest.xml:97:25-79
177            </intent-filter>
178        </receiver>
179        <receiver
179-->[androidx.work:work-runtime:2.10.0] AndroidManifest.xml:100:9-109:20
180            android:name="androidx.work.impl.background.systemalarm.ConstraintProxy$NetworkStateProxy"
180-->[androidx.work:work-runtime:2.10.0] AndroidManifest.xml:101:13-103
181            android:directBootAware="false"
181-->[androidx.work:work-runtime:2.10.0] AndroidManifest.xml:102:13-44
182            android:enabled="false"
182-->[androidx.work:work-runtime:2.10.0] AndroidManifest.xml:103:13-36
183            android:exported="false" >
183-->[androidx.work:work-runtime:2.10.0] AndroidManifest.xml:104:13-37
184            <intent-filter>
184-->[androidx.work:work-runtime:2.10.0] AndroidManifest.xml:106:13-108:29
185                <action android:name="android.net.conn.CONNECTIVITY_CHANGE" />
185-->[androidx.work:work-runtime:2.10.0] AndroidManifest.xml:107:17-79
185-->[androidx.work:work-runtime:2.10.0] AndroidManifest.xml:107:25-76
186            </intent-filter>
187        </receiver>
188        <receiver
188-->[androidx.work:work-runtime:2.10.0] AndroidManifest.xml:110:9-121:20
189            android:name="androidx.work.impl.background.systemalarm.RescheduleReceiver"
189-->[androidx.work:work-runtime:2.10.0] AndroidManifest.xml:111:13-88
190            android:directBootAware="false"
190-->[androidx.work:work-runtime:2.10.0] AndroidManifest.xml:112:13-44
191            android:enabled="false"
191-->[androidx.work:work-runtime:2.10.0] AndroidManifest.xml:113:13-36
192            android:exported="false" >
192-->[androidx.work:work-runtime:2.10.0] AndroidManifest.xml:114:13-37
193            <intent-filter>
193-->[androidx.work:work-runtime:2.10.0] AndroidManifest.xml:116:13-120:29
194                <action android:name="android.intent.action.BOOT_COMPLETED" />
194-->src/main/AndroidManifest.xml:51:17-79
194-->src/main/AndroidManifest.xml:51:25-76
195                <action android:name="android.intent.action.TIME_SET" />
195-->[androidx.work:work-runtime:2.10.0] AndroidManifest.xml:118:17-73
195-->[androidx.work:work-runtime:2.10.0] AndroidManifest.xml:118:25-70
196                <action android:name="android.intent.action.TIMEZONE_CHANGED" />
196-->[androidx.work:work-runtime:2.10.0] AndroidManifest.xml:119:17-81
196-->[androidx.work:work-runtime:2.10.0] AndroidManifest.xml:119:25-78
197            </intent-filter>
198        </receiver>
199        <receiver
199-->[androidx.work:work-runtime:2.10.0] AndroidManifest.xml:122:9-131:20
200            android:name="androidx.work.impl.background.systemalarm.ConstraintProxyUpdateReceiver"
200-->[androidx.work:work-runtime:2.10.0] AndroidManifest.xml:123:13-99
201            android:directBootAware="false"
201-->[androidx.work:work-runtime:2.10.0] AndroidManifest.xml:124:13-44
202            android:enabled="@bool/enable_system_alarm_service_default"
202-->[androidx.work:work-runtime:2.10.0] AndroidManifest.xml:125:13-72
203            android:exported="false" >
203-->[androidx.work:work-runtime:2.10.0] AndroidManifest.xml:126:13-37
204            <intent-filter>
204-->[androidx.work:work-runtime:2.10.0] AndroidManifest.xml:128:13-130:29
205                <action android:name="androidx.work.impl.background.systemalarm.UpdateProxies" />
205-->[androidx.work:work-runtime:2.10.0] AndroidManifest.xml:129:17-98
205-->[androidx.work:work-runtime:2.10.0] AndroidManifest.xml:129:25-95
206            </intent-filter>
207        </receiver>
208        <receiver
208-->[androidx.work:work-runtime:2.10.0] AndroidManifest.xml:132:9-142:20
209            android:name="androidx.work.impl.diagnostics.DiagnosticsReceiver"
209-->[androidx.work:work-runtime:2.10.0] AndroidManifest.xml:133:13-78
210            android:directBootAware="false"
210-->[androidx.work:work-runtime:2.10.0] AndroidManifest.xml:134:13-44
211            android:enabled="true"
211-->[androidx.work:work-runtime:2.10.0] AndroidManifest.xml:135:13-35
212            android:exported="true"
212-->[androidx.work:work-runtime:2.10.0] AndroidManifest.xml:136:13-36
213            android:permission="android.permission.DUMP" >
213-->[androidx.work:work-runtime:2.10.0] AndroidManifest.xml:137:13-57
214            <intent-filter>
214-->[androidx.work:work-runtime:2.10.0] AndroidManifest.xml:139:13-141:29
215                <action android:name="androidx.work.diagnostics.REQUEST_DIAGNOSTICS" />
215-->[androidx.work:work-runtime:2.10.0] AndroidManifest.xml:140:17-88
215-->[androidx.work:work-runtime:2.10.0] AndroidManifest.xml:140:25-85
216            </intent-filter>
217        </receiver>
218
219        <service
219-->[androidx.core:core-remoteviews:1.1.0] AndroidManifest.xml:24:9-27:63
220            android:name="androidx.core.widget.RemoteViewsCompatService"
220-->[androidx.core:core-remoteviews:1.1.0] AndroidManifest.xml:25:13-73
221            android:permission="android.permission.BIND_REMOTEVIEWS" />
221-->[androidx.core:core-remoteviews:1.1.0] AndroidManifest.xml:26:13-69
222        <service
222-->[androidx.room:room-runtime:2.6.1] AndroidManifest.xml:24:9-28:63
223            android:name="androidx.room.MultiInstanceInvalidationService"
223-->[androidx.room:room-runtime:2.6.1] AndroidManifest.xml:25:13-74
224            android:directBootAware="true"
224-->[androidx.room:room-runtime:2.6.1] AndroidManifest.xml:26:13-43
225            android:exported="false" />
225-->[androidx.room:room-runtime:2.6.1] AndroidManifest.xml:27:13-37
226
227        <receiver
227-->[androidx.profileinstaller:profileinstaller:1.3.1] AndroidManifest.xml:34:9-52:20
228            android:name="androidx.profileinstaller.ProfileInstallReceiver"
228-->[androidx.profileinstaller:profileinstaller:1.3.1] AndroidManifest.xml:35:13-76
229            android:directBootAware="false"
229-->[androidx.profileinstaller:profileinstaller:1.3.1] AndroidManifest.xml:36:13-44
230            android:enabled="true"
230-->[androidx.profileinstaller:profileinstaller:1.3.1] AndroidManifest.xml:37:13-35
231            android:exported="true"
231-->[androidx.profileinstaller:profileinstaller:1.3.1] AndroidManifest.xml:38:13-36
232            android:permission="android.permission.DUMP" >
232-->[androidx.profileinstaller:profileinstaller:1.3.1] AndroidManifest.xml:39:13-57
233            <intent-filter>
233-->[androidx.profileinstaller:profileinstaller:1.3.1] AndroidManifest.xml:40:13-42:29
234                <action android:name="androidx.profileinstaller.action.INSTALL_PROFILE" />
234-->[androidx.profileinstaller:profileinstaller:1.3.1] AndroidManifest.xml:41:17-91
234-->[androidx.profileinstaller:profileinstaller:1.3.1] AndroidManifest.xml:41:25-88
235            </intent-filter>
236            <intent-filter>
236-->[androidx.profileinstaller:profileinstaller:1.3.1] AndroidManifest.xml:43:13-45:29
237                <action android:name="androidx.profileinstaller.action.SKIP_FILE" />
237-->[androidx.profileinstaller:profileinstaller:1.3.1] AndroidManifest.xml:44:17-85
237-->[androidx.profileinstaller:profileinstaller:1.3.1] AndroidManifest.xml:44:25-82
238            </intent-filter>
239            <intent-filter>
239-->[androidx.profileinstaller:profileinstaller:1.3.1] AndroidManifest.xml:46:13-48:29
240                <action android:name="androidx.profileinstaller.action.SAVE_PROFILE" />
240-->[androidx.profileinstaller:profileinstaller:1.3.1] AndroidManifest.xml:47:17-88
240-->[androidx.profileinstaller:profileinstaller:1.3.1] AndroidManifest.xml:47:25-85
241            </intent-filter>
242            <intent-filter>
242-->[androidx.profileinstaller:profileinstaller:1.3.1] AndroidManifest.xml:49:13-51:29
243                <action android:name="androidx.profileinstaller.action.BENCHMARK_OPERATION" />
243-->[androidx.profileinstaller:profileinstaller:1.3.1] AndroidManifest.xml:50:17-95
243-->[androidx.profileinstaller:profileinstaller:1.3.1] AndroidManifest.xml:50:25-92
244            </intent-filter>
245        </receiver>
246    </application>
247
248</manifest>